
Sequential CPU execution: 318 microseconds

==17587== NVPROF is profiling process 17587, command: ./bin/stencil

Basic profiling: 0.074912 ms have elapsed for the kernel execution

==17587== Profiling application: ./bin/stencil
==17587== Profiling result:
            Type  Time(%)      Time     Calls       Avg       Min       Max  Name
 GPU activities:   45.48%  23.200us         1  23.200us  23.200us  23.200us  [CUDA memcpy HtoD]
                   39.34%  20.064us         1  20.064us  20.064us  20.064us  [CUDA memcpy DtoH]
                   15.18%  7.7440us         1  7.7440us  7.7440us  7.7440us  stencilKernel(float*, float*)
      API calls:   99.36%  158.17ms         2  79.084ms  4.7510us  158.16ms  cudaMalloc
                    0.17%  271.06us       101  2.6830us     150ns  98.828us  cuDeviceGetAttribute
                    0.15%  237.05us         1  237.05us  237.05us  237.05us  cuDeviceTotalMem
                    0.13%  207.61us         2  103.80us  91.808us  115.80us  cudaMemcpy
                    0.10%  152.08us         2  76.039us  9.6430us  142.44us  cudaFree
                    0.04%  64.076us         1  64.076us  64.076us  64.076us  cudaLaunchKernel
                    0.01%  22.122us         1  22.122us  22.122us  22.122us  cuDeviceGetName
                    0.01%  14.392us         2  7.1960us  4.0270us  10.365us  cudaEventRecord
                    0.01%  13.345us         2  6.6720us     979ns  12.366us  cudaEventCreate
                    0.01%  10.331us         1  10.331us  10.331us  10.331us  cuDeviceGetPCIBusId
                    0.00%  7.8000us         1  7.8000us  7.8000us  7.8000us  cudaEventSynchronize
                    0.00%  6.3080us         1  6.3080us  6.3080us  6.3080us  cudaEventElapsedTime
                    0.00%  4.2190us         5     843ns     303ns  2.7980us  cudaGetLastError
                    0.00%  2.4680us         3     822ns     335ns  1.7240us  cuDeviceGetCount
                    0.00%  1.0610us         2     530ns     232ns     829ns  cuDeviceGet
                    0.00%     778ns         1     778ns     778ns     778ns  cuDeviceGetUuid
